-------------------------------------------------------------------------------
Test set: Account types
-------------------------------------------------------------------------------
Tests run: 3, Failures: 1, Errors: 0, Skipped: 0, Time elapsed: 51.341 s <<< FAILURE! - in Account types
Login with sales manager(Account types)  Time elapsed: 12.436 s  <<< FAILURE!
java.lang.AssertionError

