-------------------------------------------------------------------------------
Test set: com.vytrack.runners.FailedTestRunner
-------------------------------------------------------------------------------
Tests run: 1, Failures: 1, Errors: 0, Skipped: 0, Time elapsed: 11.265 s <<< FAILURE! - in com.vytrack.runners.FailedTestRunner
Login with sales manager(Account types)  Time elapsed: 11.131 s  <<< FAILURE!
java.lang.AssertionError

