-------------------------------------------------------------------------------
Test set: com.vytrack.runners.CukesRunner
-------------------------------------------------------------------------------
Tests run: 3, Failures: 1, Errors: 0, Skipped: 0, Time elapsed: 33.841 s <<< FAILURE! - in com.vytrack.runners.CukesRunner
Login with sales manager(Account types)  Time elapsed: 11.875 s  <<< FAILURE!
java.lang.AssertionError

